Array
(
    [0] => Array
        (
            [id] => 1
            [bookign_id] => 2661bf59c0a080
            [user_id] => 2
            [date_start] => Saturday, April 20, 
            [date_end] => Friday, April 26, 2024
            [event_type] => 8
            [number_of_guest] => 12
            [message] => 
            [remarks] => 
            [status] => 
            [admin_id] => 
            [tax] => 
            [total_amount] => 1390
            [discount] => 
            [created_at] => 2024-04-14 08:26:20
            [updated_at] => 2024-04-14 08:26:20
            [date_of_application] => Sunday, April 14, 2024
        )

    [1] => Array
        (
            [id] => 2
            [bookign_id] => 2661bf5a1b120f
            [user_id] => 2
            [date_start] => Saturday, April 20, 
            [date_end] => Friday, April 26, 2024
            [event_type] => 8
            [number_of_guest] => 12
            [message] => 
            [remarks] => 
            [status] => 
            [admin_id] => 
            [tax] => 
            [total_amount] => 1390
            [discount] => 
            [created_at] => 2024-04-14 08:26:25
            [updated_at] => 2024-04-14 08:26:25
            [date_of_application] => Sunday, April 14, 2024
        )

    [2] => Array
        (
            [id] => 3
            [bookign_id] => 2661bf5a7365e4
            [user_id] => 2
            [date_start] => Saturday, April 20, 
            [date_end] => Friday, April 26, 2024
            [event_type] => 8
            [number_of_guest] => 12
            [message] => 
            [remarks] => 
            [status] => 
            [admin_id] => 
            [tax] => 
            [total_amount] => 1390
            [discount] => 
            [created_at] => 2024-04-14 08:26:31
            [updated_at] => 2024-04-14 08:26:31
            [date_of_application] => Sunday, April 14, 2024
        )

)
Array
(
    [0] => Array
        (
            [id] => 1
            [bookign_id] => 2661bf59c0a080
            [user_id] => 2
            [date_start] => Saturday, April 20, 
            [date_end] => Friday, April 26, 2024
            [event_type] => 8
            [number_of_guest] => 12
            [message] => 
            [remarks] => 
            [status] => 
            [admin_id] => 
            [tax] => 
            [total_amount] => 1390
            [discount] => 
            [created_at] => 2024-04-14 08:26:20
            [updated_at] => 2024-04-14 08:26:20
            [date_of_application] => Sunday, April 14, 2024
        )

    [1] => Array
        (
            [id] => 2
            [bookign_id] => 2661bf5a1b120f
            [user_id] => 2
            [date_start] => Saturday, April 20, 
            [date_end] => Friday, April 26, 2024
            [event_type] => 8
            [number_of_guest] => 12
            [message] => 
            [remarks] => 
            [status] => 
            [admin_id] => 
            [tax] => 
            [total_amount] => 1390
            [discount] => 
            [created_at] => 2024-04-14 08:26:25
            [updated_at] => 2024-04-14 08:26:25
            [date_of_application] => Sunday, April 14, 2024
        )

    [2] => Array
        (
            [id] => 3
            [bookign_id] => 2661bf5a7365e4
            [user_id] => 2
            [date_start] => Saturday, April 20, 
            [date_end] => Friday, April 26, 2024
            [event_type] => 8
            [number_of_guest] => 12
            [message] => 
            [remarks] => 
            [status] => 
            [admin_id] => 
            [tax] => 
            [total_amount] => 1390
            [discount] => 
            [created_at] => 2024-04-14 08:26:31
            [updated_at] => 2024-04-14 08:26:31
            [date_of_application] => Sunday, April 14, 2024
        )

)
Array
(
    [0] => Array
        (
            [id] => 1
            [bookign_id] => 2661bf59c0a080
            [user_id] => 2
            [date_start] => Saturday, April 20, 
            [date_end] => Friday, April 26, 2024
            [event_type] => 8
            [number_of_guest] => 12
            [message] => 
            [remarks] => 
            [status] => 
            [admin_id] => 
            [tax] => 
            [total_amount] => 1390
            [discount] => 
            [created_at] => 2024-04-14 08:26:20
            [updated_at] => 2024-04-14 08:26:20
            [date_of_application] => Sunday, April 14, 2024
        )

    [1] => Array
        (
            [id] => 2
            [bookign_id] => 2661bf5a1b120f
            [user_id] => 2
            [date_start] => Saturday, April 20, 
            [date_end] => Friday, April 26, 2024
            [event_type] => 8
            [number_of_guest] => 12
            [message] => 
            [remarks] => 
            [status] => 
            [admin_id] => 
            [tax] => 
            [total_amount] => 1390
            [discount] => 
            [created_at] => 2024-04-14 08:26:25
            [updated_at] => 2024-04-14 08:26:25
            [date_of_application] => Sunday, April 14, 2024
        )

    [2] => Array
        (
            [id] => 3
            [bookign_id] => 2661bf5a7365e4
            [user_id] => 2
            [date_start] => Saturday, April 20, 
            [date_end] => Friday, April 26, 2024
            [event_type] => 8
            [number_of_guest] => 12
            [message] => 
            [remarks] => 
            [status] => 
            [admin_id] => 
            [tax] => 
            [total_amount] => 1390
            [discount] => 
            [created_at] => 2024-04-14 08:26:31
            [updated_at] => 2024-04-14 08:26:31
            [date_of_application] => Sunday, April 14, 2024
        )

)
Array
(
    [0] => Array
        (
            [id] => 1
            [bookign_id] => 2661bf59c0a080
            [user_id] => 2
            [date_start] => Saturday, April 20, 
            [date_end] => Friday, April 26, 2024
            [event_type] => 8
            [number_of_guest] => 12
            [message] => 
            [remarks] => 
            [status] => 
            [admin_id] => 
            [tax] => 
            [total_amount] => 1390
            [discount] => 
            [created_at] => 2024-04-14 08:26:20
            [updated_at] => 2024-04-14 08:26:20
            [date_of_application] => Sunday, April 14, 2024
        )

    [1] => Array
        (
            [id] => 2
            [bookign_id] => 2661bf5a1b120f
            [user_id] => 2
            [date_start] => Saturday, April 20, 
            [date_end] => Friday, April 26, 2024
            [event_type] => 8
            [number_of_guest] => 12
            [message] => 
            [remarks] => 
            [status] => 
            [admin_id] => 
            [tax] => 
            [total_amount] => 1390
            [discount] => 
            [created_at] => 2024-04-14 08:26:25
            [updated_at] => 2024-04-14 08:26:25
            [date_of_application] => Sunday, April 14, 2024
        )

    [2] => Array
        (
            [id] => 3
            [bookign_id] => 2661bf5a7365e4
            [user_id] => 2
            [date_start] => Saturday, April 20, 
            [date_end] => Friday, April 26, 2024
            [event_type] => 8
            [number_of_guest] => 12
            [message] => 
            [remarks] => 
            [status] => 
            [admin_id] => 
            [tax] => 
            [total_amount] => 1390
            [discount] => 
            [created_at] => 2024-04-14 08:26:31
            [updated_at] => 2024-04-14 08:26:31
            [date_of_application] => Sunday, April 14, 2024
        )

)
Array
(
    [0] => Array
        (
            [id] => 1
            [bookign_id] => 2661bf59c0a080
            [user_id] => 2
            [date_start] => Saturday, April 20, 
            [date_end] => Friday, April 26, 2024
            [event_type] => 8
            [number_of_guest] => 12
            [message] => 
            [remarks] => 
            [status] => 
            [admin_id] => 
            [tax] => 
            [total_amount] => 1390
            [discount] => 
            [created_at] => 2024-04-14 08:26:20
            [updated_at] => 2024-04-14 08:26:20
            [date_of_application] => Sunday, April 14, 2024
        )

    [1] => Array
        (
            [id] => 2
            [bookign_id] => 2661bf5a1b120f
            [user_id] => 2
            [date_start] => Saturday, April 20, 
            [date_end] => Friday, April 26, 2024
            [event_type] => 8
            [number_of_guest] => 12
            [message] => 
            [remarks] => 
            [status] => 
            [admin_id] => 
            [tax] => 
            [total_amount] => 1390
            [discount] => 
            [created_at] => 2024-04-14 08:26:25
            [updated_at] => 2024-04-14 08:26:25
            [date_of_application] => Sunday, April 14, 2024
        )

    [2] => Array
        (
            [id] => 3
            [bookign_id] => 2661bf5a7365e4
            [user_id] => 2
            [date_start] => Saturday, April 20, 
            [date_end] => Friday, April 26, 2024
            [event_type] => 8
            [number_of_guest] => 12
            [message] => 
            [remarks] => 
            [status] => 
            [admin_id] => 
            [tax] => 
            [total_amount] => 1390
            [discount] => 
            [created_at] => 2024-04-14 08:26:31
            [updated_at] => 2024-04-14 08:26:31
            [date_of_application] => Sunday, April 14, 2024
        )

    [3] => Array
        (
            [id] => 4
            [bookign_id] => 2661c3520b410d
            [user_id] => 2
            [date_start] => Saturday, April 20, 
            [date_end] => Saturday, April 20, 2024
            [event_type] => 14
            [number_of_guest] => 200
            [message] => 
            [remarks] => 
            [status] => 
            [admin_id] => 
            [tax] => 
            [total_amount] => 3380
            [discount] => 
            [created_at] => 2024-04-14 12:57:20
            [updated_at] => 2024-04-14 12:57:20
            [date_of_application] => Sunday, April 14, 2024
        )

)
Array
(
    [0] => Array
        (
            [date_start] => Saturday, April 20, 
            [date_end] => Friday, April 26, 2024
        )

    [1] => Array
        (
            [date_start] => Saturday, April 20, 
            [date_end] => Friday, April 26, 2024
        )

    [2] => Array
        (
            [date_start] => Saturday, April 20, 
            [date_end] => Friday, April 26, 2024
        )

    [3] => Array
        (
            [date_start] => Saturday, April 20, 
            [date_end] => Saturday, April 20, 2024
        )

)
Array
(
    [0] => Array
        (
            [date_start] => Saturday, April 20, 
            [date_end] => Friday, April 26, 2024
        )

    [1] => Array
        (
            [date_start] => Saturday, April 20, 
            [date_end] => Friday, April 26, 2024
        )

    [2] => Array
        (
            [date_start] => Saturday, April 20, 
            [date_end] => Friday, April 26, 2024
        )

    [3] => Array
        (
            [date_start] => Saturday, April 20, 
            [date_end] => Saturday, April 20, 2024
        )

)
Array
(
    [0] => Array
        (
            [date_start] => 04-27-2024
            [date_end] => 04-26-2024
        )

    [1] => Array
        (
            [date_start] => 04-20-2024
            [date_end] => 04-26-2024
        )

    [2] => Array
        (
            [date_start] => 04-13-2024
            [date_end] => 04-26-2024
        )

    [3] => Array
        (
            [date_start] => 04-20-2024
            [date_end] => 04-20-2024
        )

)
Array
(
    [0] => Array
        (
            [date_start] => 04-27-2024
            [date_end] => 04-26-2024
        )

    [1] => Array
        (
            [date_start] => 04-20-2024
            [date_end] => 04-26-2024
        )

    [2] => Array
        (
            [date_start] => 04-13-2024
            [date_end] => 04-26-2024
        )

    [3] => Array
        (
            [date_start] => 04-20-2024
            [date_end] => 04-20-2024
        )

)
Array
(
    [0] => Array
        (
            [date_start] => 04-27-2024
            [date_end] => 04-26-2024
        )

    [1] => Array
        (
            [date_start] => 04-20-2024
            [date_end] => 04-20-2024
        )

)
Array
(
)
Array
(
    [0] => Array
        (
            [id] => 1
            [img] => bg_pattern_10.jpg
            [status] => active
            [created_at] => 2024-04-15 07:45:58
            [unpdated_at] => 2024-04-15 07:45:58
            [heading] => 0
            [text] => 
        )

    [1] => Array
        (
            [id] => 2
            [img] => bg_pattern_10.jpg
            [status] => active
            [created_at] => 2024-04-15 07:47:05
            [unpdated_at] => 2024-04-15 07:47:05
            [heading] => My description here
            [text] => 
        )

)
Array
(
    [0] => Array
        (
            [id] => 1
            [img] => bg_pattern_10.jpg
            [status] => active
            [created_at] => 2024-04-15 07:45:58
            [unpdated_at] => 2024-04-15 07:45:58
            [heading] => 0
            [text] => 
        )

    [1] => Array
        (
            [id] => 2
            [img] => bg_pattern_10.jpg
            [status] => active
            [created_at] => 2024-04-15 07:47:05
            [unpdated_at] => 2024-04-15 07:47:05
            [heading] => My description here
            [text] => 
        )

)
Array
(
    [0] => Array
        (
            [date_start] => 04-27-2024
            [date_end] => 04-26-2024
        )

    [1] => Array
        (
            [date_start] => 04-20-2024
            [date_end] => 04-20-2024
        )

)
Array
(
    [0] => Array
        (
            [date_start] => 04-27-2024
            [date_end] => 04-26-2024
        )

    [1] => Array
        (
            [date_start] => 04-20-2024
            [date_end] => 04-20-2024
        )

)
Array
(
    [0] => Array
        (
            [date_start] => Saturday, April 24, 2024
            [date_end] => Friday, April 26, 2024
            [start] => 2024-04-27
            [end] => 2024-04-26
            [title] => Booked
        )

    [1] => Array
        (
            [date_start] => Saturday, April 20, 2024
            [date_end] => Saturday, April 20, 2024
            [start] => 2024-04-20
            [end] => 2024-04-20
            [title] => Booked
        )

)
Array
(
    [start] => 2024-04-20
    [end] => 2024-04-20
    [title] => Booked
)
Array
(
    [0] => Array
        (
            [start] => 2024-04-27
        )

    [1] => Array
        (
            [end] => 2024-04-26
        )

    [2] => Array
        (
            [title] => Booked
        )

    [3] => Array
        (
            [start] => 2024-04-20
        )

    [4] => Array
        (
            [end] => 2024-04-20
        )

    [5] => Array
        (
            [title] => Booked
        )

)
Array
(
    [0] => Array
        (
            [start] => 2024-04-27
            [end] => 2024-04-26
            [title] => Booked
        )

    [1] => Array
        (
            [start] => 2024-04-20
            [end] => 2024-04-20
            [title] => Booked
        )

)
Array
(
    [0] => Array
        (
            [start] => 2024-04-27
            [end] => 2024-04-26
            [title] => Booked
        )

    [1] => Array
        (
            [start] => 2024-04-20
            [end] => 2024-04-20
            [title] => Booked
        )

)
Array
(
    [0] => Array
        (
            [start] => 2024-04-27
            [end] => 2024-04-26
            [title] => Booked
        )

    [1] => Array
        (
            [start] => 2024-04-20
            [end] => 2024-04-26
            [title] => Booked
        )

    [2] => Array
        (
            [start] => 2024-04-20
            [end] => 2024-04-20
            [title] => Booked
        )

)
Array
(
    [0] => Array
        (
            [start] => 2024-04-27
            [end] => 2024-04-26
            [title] => Booked
        )

    [1] => Array
        (
            [start] => 2024-04-20
            [end] => 2024-04-26
            [title] => Booked
        )

    [2] => Array
        (
            [start] => 2024-04-20
            [end] => 2024-04-20
            [title] => Booked
        )

)
Array
(
    [0] => Array
        (
            [start] => 2024-04-27
            [end] => 2024-04-26
            [title] => Booked
        )

    [1] => Array
        (
            [start] => 2024-04-20
            [end] => 2024-04-26
            [title] => Booked
        )

    [2] => Array
        (
            [start] => 2024-04-20
            [end] => 2024-04-20
            [title] => Booked
        )

)
Array
(
    [0] => Array
        (
            [start] => 2024-04-27T10:30:00
            [end] => 2024-04-26T10:30:00
            [title] => Booked
        )

    [1] => Array
        (
            [start] => 2024-04-20T10:30:00
            [end] => 2024-04-26T10:30:00
            [title] => Booked
        )

    [2] => Array
        (
            [start] => 2024-04-20T10:30:00
            [end] => 2024-04-20T10:30:00
            [title] => Booked
        )

)
Array
(
    [0] => Array
        (
            [start] => 2024-04-27T10:30:00
            [end] => 2024-04-26T19:30:00
            [title] => Booked
        )

    [1] => Array
        (
            [start] => 2024-04-20T10:30:00
            [end] => 2024-04-26T19:30:00
            [title] => Booked
        )

    [2] => Array
        (
            [start] => 2024-04-20T10:30:00
            [end] => 2024-04-20T19:30:00
            [title] => Booked
        )

)
Array
(
    [0] => Array
        (
            [start] => 2024-04-27T10:30:00
            [end] => 2024-04-27T19:30:00
            [title] => Booked
        )

    [1] => Array
        (
            [start] => 2024-04-20T10:30:00
            [end] => 2024-04-20T19:30:00
            [title] => Booked
        )

    [2] => Array
        (
            [start] => 2024-04-20T10:30:00
            [end] => 2024-04-20T19:30:00
            [title] => Booked
        )

)
Array
(
    [0] => Array
        (
            [start] => 2024-04-27T10:30:00
            [end] => 2024-04-27T19:30:00
            [title] => Booked
        )

    [1] => Array
        (
            [start] => 2024-04-19T10:30:00
            [end] => 2024-04-19T19:30:00
            [title] => Booked
        )

    [2] => Array
        (
            [start] => 2024-04-20T10:30:00
            [end] => 2024-04-20T19:30:00
            [title] => Booked
        )

)
Array
(
    [0] => Array
        (
            [start] => 2024-04-27T06:30:00
            [end] => 2024-04-27T23:30:00
            [title] => Booked
        )

    [1] => Array
        (
            [start] => 2024-04-19T06:30:00
            [end] => 2024-04-19T23:30:00
            [title] => Booked
        )

    [2] => Array
        (
            [start] => 2024-04-20T06:30:00
            [end] => 2024-04-20T23:30:00
            [title] => Booked
        )

)
Array
(
    [0] => Array
        (
            [start] => 2024-04-27T06:30:00
            [end] => 2024-04-27T23:30:00
            [title] => Booked
        )

    [1] => Array
        (
            [start] => 2024-04-19T06:30:00
            [end] => 2024-04-19T23:30:00
            [title] => Booked
        )

    [2] => Array
        (
            [start] => 2024-04-20T06:30:00
            [end] => 2024-04-20T23:30:00
            [title] => Booked
        )

)
Array
(
    [0] => Array
        (
            [start] => 2024-04-27T06:30:00
            [end] => 2024-04-27T23:30:00
            [title] => Booked
        )

    [1] => Array
        (
            [start] => 2024-04-19T06:30:00
            [end] => 2024-04-19T23:30:00
            [title] => Booked
        )

    [2] => Array
        (
            [start] => 2024-04-20T06:30:00
            [end] => 2024-04-20T23:30:00
            [title] => Booked
        )

)
Array
(
    [0] => Array
        (
            [start] => 2024-04-27T06:30:00
            [end] => 2024-04-27T23:30:00
            [title] => Booked
        )

    [1] => Array
        (
            [start] => 2024-04-19T06:30:00
            [end] => 2024-04-19T23:30:00
            [title] => Booked
        )

    [2] => Array
        (
            [start] => 2024-04-20T06:30:00
            [end] => 2024-04-20T23:30:00
            [title] => Booked
        )

)
Array
(
    [0] => Array
        (
            [start] => 2024-04-27T06:30:00
            [end] => 2024-04-27T23:30:00
            [title] => Booked
        )

    [1] => Array
        (
            [start] => 2024-04-19T06:30:00
            [end] => 2024-04-19T23:30:00
            [title] => Booked
        )

    [2] => Array
        (
            [start] => 2024-04-20T06:30:00
            [end] => 2024-04-20T23:30:00
            [title] => Booked
        )

)
Array
(
    [0] => Array
        (
            [start] => 2024-04-27T06:30:00
            [end] => 2024-04-27T23:30:00
            [title] => Booked
        )

    [1] => Array
        (
            [start] => 2024-04-19T06:30:00
            [end] => 2024-04-19T23:30:00
            [title] => Booked
        )

    [2] => Array
        (
            [start] => 2024-04-20T06:30:00
            [end] => 2024-04-20T23:30:00
            [title] => Booked
        )

)
Array
(
    [0] => Array
        (
            [start] => 2024-04-27T06:30:00
            [end] => 2024-04-27T23:30:00
            [title] => Booked
        )

    [1] => Array
        (
            [start] => 2024-04-19T06:30:00
            [end] => 2024-04-19T23:30:00
            [title] => Booked
        )

    [2] => Array
        (
            [start] => 2024-04-20T06:30:00
            [end] => 2024-04-20T23:30:00
            [title] => Booked
        )

)
Array
(
    [0] => Array
        (
            [start] => 2024-04-27T06:30:00
            [end] => 2024-04-27T23:30:00
            [title] => Booked
        )

    [1] => Array
        (
            [start] => 2024-04-19T06:30:00
            [end] => 2024-04-19T23:30:00
            [title] => Booked
        )

    [2] => Array
        (
            [start] => 2024-04-20T06:30:00
            [end] => 2024-04-20T23:30:00
            [title] => Booked
        )

)
Array
(
    [0] => Array
        (
            [start] => 2024-04-27T06:30:00
            [end] => 2024-04-27T23:30:00
            [title] => Booked
        )

    [1] => Array
        (
            [start] => 2024-04-19T06:30:00
            [end] => 2024-04-19T23:30:00
            [title] => Booked
        )

    [2] => Array
        (
            [start] => 2024-04-20T06:30:00
            [end] => 2024-04-20T23:30:00
            [title] => Booked
        )

)
Array
(
    [0] => Array
        (
            [start] => 2024-04-27T06:30:00
            [end] => 2024-04-27T23:30:00
            [title] => Booked
        )

    [1] => Array
        (
            [start] => 2024-04-19T06:30:00
            [end] => 2024-04-19T23:30:00
            [title] => Booked
        )

    [2] => Array
        (
            [start] => 2024-04-20T06:30:00
            [end] => 2024-04-20T23:30:00
            [title] => Booked
        )

)
Array
(
    [0] => Array
        (
            [start] => 2024-04-27T06:30:00
            [end] => 2024-04-27T23:30:00
            [title] => Booked
        )

    [1] => Array
        (
            [start] => 2024-04-19T06:30:00
            [end] => 2024-04-19T23:30:00
            [title] => Booked
        )

    [2] => Array
        (
            [start] => 2024-04-20T06:30:00
            [end] => 2024-04-20T23:30:00
            [title] => Booked
        )

)
Array
(
    [0] => Array
        (
            [start] => 2024-04-27T06:30:00
            [end] => 2024-04-27T23:30:00
            [title] => Booked
        )

    [1] => Array
        (
            [start] => 2024-04-19T06:30:00
            [end] => 2024-04-19T23:30:00
            [title] => Booked
        )

    [2] => Array
        (
            [start] => 2024-04-20T06:30:00
            [end] => 2024-04-20T23:30:00
            [title] => Booked
        )

)
Array
(
    [0] => Array
        (
            [start] => 2024-04-27T06:30:00
            [end] => 2024-04-27T23:30:00
            [title] => Booked
        )

    [1] => Array
        (
            [start] => 2024-04-19T06:30:00
            [end] => 2024-04-19T23:30:00
            [title] => Booked
        )

    [2] => Array
        (
            [start] => 2024-04-20T06:30:00
            [end] => 2024-04-20T23:30:00
            [title] => Booked
        )

)
Array
(
    [0] => Array
        (
            [start] => 2024-04-27T06:30:00
            [end] => 2024-04-27T23:30:00
            [title] => Booked
        )

    [1] => Array
        (
            [start] => 2024-04-19T06:30:00
            [end] => 2024-04-19T23:30:00
            [title] => Booked
        )

    [2] => Array
        (
            [start] => 2024-04-20T06:30:00
            [end] => 2024-04-20T23:30:00
            [title] => Booked
        )

)
Array
(
    [0] => Array
        (
            [start] => 2024-04-27T06:30:00
            [end] => 2024-04-27T23:30:00
            [title] => Booked
        )

    [1] => Array
        (
            [start] => 2024-04-19T06:30:00
            [end] => 2024-04-19T23:30:00
            [title] => Booked
        )

    [2] => Array
        (
            [start] => 2024-04-20T06:30:00
            [end] => 2024-04-20T23:30:00
            [title] => Booked
        )

)
Array
(
    [0] => Array
        (
            [start] => 2024-04-27T06:30:00
            [end] => 2024-04-27T23:30:00
            [title] => Booked
        )

    [1] => Array
        (
            [start] => 2024-04-19T06:30:00
            [end] => 2024-04-19T23:30:00
            [title] => Booked
        )

    [2] => Array
        (
            [start] => 2024-04-20T06:30:00
            [end] => 2024-04-20T23:30:00
            [title] => Booked
        )

)
Array
(
    [0] => Array
        (
            [start] => 2024-04-27T06:30:00
            [end] => 2024-04-27T23:30:00
            [title] => Booked
        )

    [1] => Array
        (
            [start] => 2024-04-19T06:30:00
            [end] => 2024-04-19T23:30:00
            [title] => Booked
        )

    [2] => Array
        (
            [start] => 2024-04-20T06:30:00
            [end] => 2024-04-20T23:30:00
            [title] => Booked
        )

)
Array
(
    [0] => Array
        (
            [start] => 2024-04-20T06:30:00
            [end] => 2024-04-20T23:30:00
            [title] => Booked
        )

    [1] => Array
        (
            [start] => 2024-04-20T06:30:00
            [end] => 2024-04-20T23:30:00
            [title] => Booked
        )

)
Array
(
    [0] => Array
        (
            [start] => 2024-04-20T06:30:00
            [end] => 2024-04-20T23:30:00
            [title] => Booked
        )

    [1] => Array
        (
            [start] => 2024-04-20T06:30:00
            [end] => 2024-04-20T23:30:00
            [title] => Booked
        )

)
Array
(
    [0] => Array
        (
            [start] => 2024-04-20T06:30:00
            [end] => 2024-04-20T23:30:00
            [title] => Booked
        )

    [1] => Array
        (
            [start] => 2024-04-20T06:30:00
            [end] => 2024-04-20T23:30:00
            [title] => Booked
        )

)
Array
(
    [0] => Array
        (
            [start] => 2024-04-20T06:30:00
            [end] => 2024-04-20T23:30:00
            [title] => Booked
        )

    [1] => Array
        (
            [start] => 2024-04-20T06:30:00
            [end] => 2024-04-20T23:30:00
            [title] => Booked
        )

)
Array
(
    [0] => Array
        (
            [start] => 2024-04-20T06:30:00
            [end] => 2024-04-20T23:30:00
            [title] => Booked
        )

    [1] => Array
        (
            [start] => 2024-04-20T06:30:00
            [end] => 2024-04-20T23:30:00
            [title] => Booked
        )

)
Array
(
    [0] => Array
        (
            [start] => 2024-04-20T06:30:00
            [end] => 2024-04-20T23:30:00
            [title] => Booked
        )

    [1] => Array
        (
            [start] => 2024-04-20T06:30:00
            [end] => 2024-04-20T23:30:00
            [title] => Booked
        )

)
Array
(
    [0] => Array
        (
            [start] => 2024-04-20T06:30:00
            [end] => 2024-04-20T23:30:00
            [title] => Booked
        )

    [1] => Array
        (
            [start] => 2024-04-20T06:30:00
            [end] => 2024-04-20T23:30:00
            [title] => Booked
        )

)
Array
(
    [0] => Array
        (
            [start] => 2024-04-20T06:30:00
            [end] => 2024-04-20T23:30:00
            [title] => Booked
        )

    [1] => Array
        (
            [start] => 2024-04-20T06:30:00
            [end] => 2024-04-20T23:30:00
            [title] => Booked
        )

)
Array
(
    [0] => Array
        (
            [start] => 2024-04-20T06:30:00
            [end] => 2024-04-20T23:30:00
            [title] => Booked
        )

    [1] => Array
        (
            [start] => 2024-04-20T06:30:00
            [end] => 2024-04-20T23:30:00
            [title] => Booked
        )

)
Array
(
)
Array
(
)
Array
(
)
Array
(
)
Array
(
)
Array
(
)
Array
(
)
Array
(
)
Array
(
    [0] => Array
        (
            [start] => 2024-04-26T:00
            [end] => 2024-04-26TTuesday, April 23, 2:00
            [title] => Booked
        )

    [1] => Array
        (
            [start] => 2024-04-25T19:38:00
            [end] => 2024-04-25T23:41:00
            [title] => Booked
        )

    [2] => Array
        (
            [start] => 2024-04-26T21:15:00
            [end] => 2024-04-26T23:16:00
            [title] => Booked
        )

)
Array
(
    [0] => Array
        (
            [start] => 2024-04-26T:00
            [end] => 2024-04-26TTuesday, April 23, 2:00
            [title] => Booked
        )

    [1] => Array
        (
            [start] => 2024-04-25T19:38:00
            [end] => 2024-04-25T23:41:00
            [title] => Booked
        )

    [2] => Array
        (
            [start] => 2024-04-26T21:15:00
            [end] => 2024-04-26T23:16:00
            [title] => Booked
        )

)
Array
(
    [0] => Array
        (
            [start] => 2024-04-26T:00
            [end] => 2024-04-26TTuesday, April 23, 2:00
            [title] => Booked
        )

    [1] => Array
        (
            [start] => 2024-04-25T19:38:00
            [end] => 2024-04-25T23:41:00
            [title] => Booked
        )

    [2] => Array
        (
            [start] => 2024-04-26T21:15:00
            [end] => 2024-04-26T23:16:00
            [title] => Booked
        )

)
Array
(
    [0] => Array
        (
            [start] => 2024-04-26T:00
            [end] => 2024-04-26TTuesday, April 23, 2:00
            [title] => Booked
        )

    [1] => Array
        (
            [start] => 2024-04-25T19:38:00
            [end] => 2024-04-25T23:41:00
            [title] => Booked
        )

    [2] => Array
        (
            [start] => 2024-04-26T21:15:00
            [end] => 2024-04-26T23:16:00
            [title] => Booked
        )

)
Array
(
    [0] => Array
        (
            [start] => 2024-04-26T:00
            [end] => 2024-04-26TTuesday, April 23, 2:00
            [title] => Booked
        )

    [1] => Array
        (
            [start] => 2024-04-25T19:38:00
            [end] => 2024-04-25T23:41:00
            [title] => Booked
        )

    [2] => Array
        (
            [start] => 2024-04-26T21:15:00
            [end] => 2024-04-26T23:16:00
            [title] => Booked
        )

)
Array
(
    [0] => Array
        (
            [start] => 2024-04-26T:00
            [end] => 2024-04-26TTuesday, April 23, 2:00
            [title] => Booked
        )

    [1] => Array
        (
            [start] => 2024-04-25T19:38:00
            [end] => 2024-04-25T23:41:00
            [title] => Booked
        )

    [2] => Array
        (
            [start] => 2024-04-26T21:15:00
            [end] => 2024-04-26T23:16:00
            [title] => Booked
        )

)
Array
(
    [0] => Array
        (
            [start] => 2024-04-26T:00
            [end] => 2024-04-26TTuesday, April 23, 2:00
            [title] => Booked
        )

    [1] => Array
        (
            [start] => 2024-04-25T19:38:00
            [end] => 2024-04-25T23:41:00
            [title] => Booked
        )

    [2] => Array
        (
            [start] => 2024-04-26T21:15:00
            [end] => 2024-04-26T23:16:00
            [title] => Booked
        )

    [3] => Array
        (
            [start] => 2024-04-26T22:19:00
            [end] => 2024-04-26T23:19:00
            [title] => Booked
        )

)
Array
(
    [0] => Array
        (
            [start] => 2024-04-26T:00
            [end] => 2024-04-26TTuesday, April 23, 2:00
            [title] => Booked
        )

    [1] => Array
        (
            [start] => 2024-04-25T19:38:00
            [end] => 2024-04-25T23:41:00
            [title] => Booked
        )

    [2] => Array
        (
            [start] => 2024-04-26T21:15:00
            [end] => 2024-04-26T23:16:00
            [title] => Booked
        )

    [3] => Array
        (
            [start] => 2024-04-26T22:19:00
            [end] => 2024-04-26T23:19:00
            [title] => Booked
        )

)
Array
(
    [0] => Array
        (
            [start] => 2024-04-26T:00
            [end] => 2024-04-26TTuesday, April 23, 2:00
            [title] => Booked
        )

    [1] => Array
        (
            [start] => 2024-04-25T19:38:00
            [end] => 2024-04-25T23:41:00
            [title] => Booked
        )

    [2] => Array
        (
            [start] => 2024-04-26T21:15:00
            [end] => 2024-04-26T23:16:00
            [title] => Booked
        )

    [3] => Array
        (
            [start] => 2024-04-26T22:19:00
            [end] => 2024-04-26T23:19:00
            [title] => Booked
        )

)
Array
(
    [0] => Array
        (
            [start] => 2024-04-26T:00
            [end] => 2024-04-26TTuesday, April 23, 2:00
            [title] => Booked
        )

    [1] => Array
        (
            [start] => 2024-04-25T19:38:00
            [end] => 2024-04-25T23:41:00
            [title] => Booked
        )

    [2] => Array
        (
            [start] => 2024-04-26T21:15:00
            [end] => 2024-04-26T23:16:00
            [title] => Booked
        )

    [3] => Array
        (
            [start] => 2024-04-26T22:19:00
            [end] => 2024-04-26T23:19:00
            [title] => Booked
        )

)
Array
(
    [0] => Array
        (
            [start] => 2024-04-26T:00
            [end] => 2024-04-26TTuesday, April 23, 2:00
            [title] => Booked
        )

    [1] => Array
        (
            [start] => 2024-04-25T19:38:00
            [end] => 2024-04-25T23:41:00
            [title] => Booked
        )

    [2] => Array
        (
            [start] => 2024-04-26T21:15:00
            [end] => 2024-04-26T23:16:00
            [title] => Booked
        )

    [3] => Array
        (
            [start] => 2024-04-26T22:19:00
            [end] => 2024-04-26T23:19:00
            [title] => Booked
        )

)
Array
(
    [0] => Array
        (
            [start] => 2024-04-26 T:00
            [end] => 2024-04-26 TTuesday, April 23, 2:00
            [title] => Booked
        )

    [1] => Array
        (
            [start] => 2024-04-25 T19:38:00
            [end] => 2024-04-25 T23:41:00
            [title] => Booked
        )

    [2] => Array
        (
            [start] => 2024-04-26 T21:15:00
            [end] => 2024-04-26 T23:16:00
            [title] => Booked
        )

    [3] => Array
        (
            [start] => 2024-04-26 T22:19:00
            [end] => 2024-04-26 T23:19:00
            [title] => Booked
        )

)
Array
(
    [0] => Array
        (
            [start] => 2024-04-26 T:00
            [end] => 2024-04-26 TTuesday, April 23, 2:00
            [title] => Booked
        )

    [1] => Array
        (
            [start] => 2024-04-25 T19:38:00
            [end] => 2024-04-25 T23:41:00
            [title] => Booked
        )

    [2] => Array
        (
            [start] => 2024-04-26 T21:15:00
            [end] => 2024-04-26 T23:16:00
            [title] => Booked
        )

    [3] => Array
        (
            [start] => 2024-04-26 T22:19:00
            [end] => 2024-04-26 T23:19:00
            [title] => Booked
        )

)
Array
(
    [0] => Array
        (
            [start] => 2024-04-26 T:00
            [end] => 2024-04-26 TTuesday, April 23, 2:00
            [title] => Booked
        )

    [1] => Array
        (
            [start] => 2024-04-25 T19:38:00
            [end] => 2024-04-25 T23:41:00
            [title] => Booked
        )

    [2] => Array
        (
            [start] => 2024-04-26 T21:15:00
            [end] => 2024-04-26 T23:16:00
            [title] => Booked
        )

    [3] => Array
        (
            [start] => 2024-04-26 T22:19:00
            [end] => 2024-04-26 T23:19:00
            [title] => Booked
        )

)
Array
(
    [0] => Array
        (
            [start] => 2024-04-26 T:00
            [end] => 2024-04-26 TTuesday, April 23, 2:00
            [title] => Booked
        )

    [1] => Array
        (
            [start] => 2024-04-25 T19:38:00
            [end] => 2024-04-25 T23:41:00
            [title] => Booked
        )

    [2] => Array
        (
            [start] => 2024-04-26 T21:15:00
            [end] => 2024-04-26 T23:16:00
            [title] => Booked
        )

    [3] => Array
        (
            [start] => 2024-04-26 T22:19:00
            [end] => 2024-04-26 T23:19:00
            [title] => Booked
        )

)
Array
(
    [0] => Array
        (
            [start] => 2024-04-26 T:00
            [end] => 2024-04-26 TTuesday, April 23, 2:00
            [title] => Booked
        )

    [1] => Array
        (
            [start] => 2024-04-25 T19:38:00
            [end] => 2024-04-25 T23:41:00
            [title] => Booked
        )

    [2] => Array
        (
            [start] => 2024-04-26 T21:15:00
            [end] => 2024-04-26 T23:16:00
            [title] => Booked
        )

    [3] => Array
        (
            [start] => 2024-04-26 T22:19:00
            [end] => 2024-04-26 T23:19:00
            [title] => Booked
        )

)
Array
(
    [0] => Array
        (
            [start] => 2024-04-26 T:00
            [end] => 2024-04-26 TTuesday, April 23, 2:00
            [title] => Booked
        )

    [1] => Array
        (
            [start] => 2024-04-25 T19:38:00
            [end] => 2024-04-25 T23:41:00
            [title] => Booked
        )

    [2] => Array
        (
            [start] => 2024-04-26 T21:15:00
            [end] => 2024-04-26 T23:16:00
            [title] => Booked
        )

    [3] => Array
        (
            [start] => 2024-04-26 T22:19:00
            [end] => 2024-04-26 T23:19:00
            [title] => Booked
        )

)
Array
(
    [0] => Array
        (
            [start] => 2024-04-26 T:00
            [end] => 2024-04-26 TTuesday, April 23, 2:00
            [title] => Booked
        )

    [1] => Array
        (
            [start] => 2024-04-25 T19:38:00
            [end] => 2024-04-25 T23:41:00
            [title] => Booked
        )

    [2] => Array
        (
            [start] => 2024-04-26 T21:15:00
            [end] => 2024-04-26 T23:16:00
            [title] => Booked
        )

    [3] => Array
        (
            [start] => 2024-04-26 T22:19:00
            [end] => 2024-04-26 T23:19:00
            [title] => Booked
        )

)
Array
(
    [0] => Array
        (
            [start] => 2024-04-26 T:00
            [end] => 2024-04-26 TTuesday, April 23, 2:00
            [title] => Booked
        )

    [1] => Array
        (
            [start] => 2024-04-25 T19:38:00
            [end] => 2024-04-25 T23:41:00
            [title] => Booked
        )

    [2] => Array
        (
            [start] => 2024-04-26 T21:15:00
            [end] => 2024-04-26 T23:16:00
            [title] => Booked
        )

    [3] => Array
        (
            [start] => 2024-04-26 T22:19:00
            [end] => 2024-04-26 T23:19:00
            [title] => Booked
        )

)
Array
(
    [0] => Array
        (
            [start] => 2024-04-26 T:00
            [end] => 2024-04-26 TTuesday, April 23, 2:00
            [title] => Booked
        )

    [1] => Array
        (
            [start] => 2024-04-25 T19:38:00
            [end] => 2024-04-25 T23:41:00
            [title] => Booked
        )

    [2] => Array
        (
            [start] => 2024-04-26 T21:15:00
            [end] => 2024-04-26 T23:16:00
            [title] => Booked
        )

    [3] => Array
        (
            [start] => 2024-04-26 T22:19:00
            [end] => 2024-04-26 T23:19:00
            [title] => Booked
        )

)
Array
(
    [0] => Array
        (
            [start] => 2024-04-26 T:00
            [end] => 2024-04-26 TTuesday, April 23, 2:00
            [title] => Booked
        )

    [1] => Array
        (
            [start] => 2024-04-25 T19:38:00
            [end] => 2024-04-25 T23:41:00
            [title] => Booked
        )

    [2] => Array
        (
            [start] => 2024-04-26 T21:15:00
            [end] => 2024-04-26 T23:16:00
            [title] => Booked
        )

    [3] => Array
        (
            [start] => 2024-04-26 T22:19:00
            [end] => 2024-04-26 T23:19:00
            [title] => Booked
        )

)
Array
(
    [0] => Array
        (
            [start] => 2024-04-26 T:00
            [end] => 2024-04-26 TTuesday, April 23, 2:00
            [title] => Booked
        )

    [1] => Array
        (
            [start] => 2024-04-25 T19:38:00
            [end] => 2024-04-25 T23:41:00
            [title] => Booked
        )

    [2] => Array
        (
            [start] => 2024-04-26 T21:15:00
            [end] => 2024-04-26 T23:16:00
            [title] => Booked
        )

    [3] => Array
        (
            [start] => 2024-04-26 T22:19:00
            [end] => 2024-04-26 T23:19:00
            [title] => Booked
        )

)
Array
(
    [0] => Array
        (
            [start] => 2024-04-26 T:00
            [end] => 2024-04-26 TTuesday, April 23, 2:00
            [title] => Booked
        )

    [1] => Array
        (
            [start] => 2024-04-25 T19:38:00
            [end] => 2024-04-25 T23:41:00
            [title] => Booked
        )

    [2] => Array
        (
            [start] => 2024-04-26 T21:15:00
            [end] => 2024-04-26 T23:16:00
            [title] => Booked
        )

    [3] => Array
        (
            [start] => 2024-04-26 T22:19:00
            [end] => 2024-04-26 T23:19:00
            [title] => Booked
        )

)
Array
(
    [0] => Array
        (
            [start] => 2024-04-26 T:00
            [end] => 2024-04-26 TTuesday, April 23, 2:00
            [title] => Booked
        )

    [1] => Array
        (
            [start] => 2024-04-25 T19:38:00
            [end] => 2024-04-25 T23:41:00
            [title] => Booked
        )

    [2] => Array
        (
            [start] => 2024-04-26 T21:15:00
            [end] => 2024-04-26 T23:16:00
            [title] => Booked
        )

    [3] => Array
        (
            [start] => 2024-04-26 T22:19:00
            [end] => 2024-04-26 T23:19:00
            [title] => Booked
        )

)
Array
(
    [0] => Array
        (
            [start] => 2024-04-26 T:00
            [end] => 2024-04-26 TTuesday, April 23, 2:00
            [title] => Booked
        )

    [1] => Array
        (
            [start] => 2024-04-25 T19:38:00
            [end] => 2024-04-25 T23:41:00
            [title] => Booked
        )

    [2] => Array
        (
            [start] => 2024-04-26 T21:15:00
            [end] => 2024-04-26 T23:16:00
            [title] => Booked
        )

    [3] => Array
        (
            [start] => 2024-04-26 T22:19:00
            [end] => 2024-04-26 T23:19:00
            [title] => Booked
        )

)
Array
(
    [0] => Array
        (
            [start] => 2024-04-26 T:00
            [end] => 2024-04-26 TTuesday, April 23, 2:00
            [title] => Booked
        )

    [1] => Array
        (
            [start] => 2024-04-25 T19:38:00
            [end] => 2024-04-25 T23:41:00
            [title] => Booked
        )

    [2] => Array
        (
            [start] => 2024-04-26 T21:15:00
            [end] => 2024-04-26 T23:16:00
            [title] => Booked
        )

    [3] => Array
        (
            [start] => 2024-04-26 T22:19:00
            [end] => 2024-04-26 T23:19:00
            [title] => Booked
        )

    [4] => Array
        (
            [start] => 2024-04-27 T13:09:00
            [end] => 2024-04-27 T16:11:00
            [title] => Booked
        )

)
Array
(
    [0] => Array
        (
            [start] => 2024-04-25 T19:38:00
            [end] => 2024-04-25 T23:41:00
            [title] => Booked
        )

    [1] => Array
        (
            [start] => 2024-04-26 T21:15:00
            [end] => 2024-04-26 T23:16:00
            [title] => Booked
        )

    [2] => Array
        (
            [start] => 2024-04-26 T22:19:00
            [end] => 2024-04-26 T23:19:00
            [title] => Booked
        )

    [3] => Array
        (
            [start] => 2024-04-27 T13:09:00
            [end] => 2024-04-27 T16:11:00
            [title] => Booked
        )

)
Array
(
    [0] => Array
        (
            [start] => 2024-04-25T19:38:00
            [end] => 2024-04-25T23:41:00
            [title] => Booked
        )

    [1] => Array
        (
            [start] => 2024-04-26T21:15:00
            [end] => 2024-04-26T23:16:00
            [title] => Booked
        )

    [2] => Array
        (
            [start] => 2024-04-26T22:19:00
            [end] => 2024-04-26T23:19:00
            [title] => Booked
        )

    [3] => Array
        (
            [start] => 2024-04-27T13:09:00
            [end] => 2024-04-27T16:11:00
            [title] => Booked
        )

)
Array
(
    [0] => Array
        (
            [start] => 2024-04-25T19:38:00
            [end] => 2024-04-25T23:41:00
            [title] => Booked
        )

    [1] => Array
        (
            [start] => 2024-04-26T21:15:00
            [end] => 2024-04-26T23:16:00
            [title] => Booked
        )

    [2] => Array
        (
            [start] => 2024-04-26T22:19:00
            [end] => 2024-04-26T23:19:00
            [title] => Booked
        )

    [3] => Array
        (
            [start] => 2024-04-27T13:09:00
            [end] => 2024-04-27T16:11:00
            [title] => Booked
        )

)
Array
(
    [0] => Array
        (
            [start] => 2024-04-26T21:15:00
            [end] => 2024-04-26T23:16:00
            [title] => Booked
        )

    [1] => Array
        (
            [start] => 2024-04-26T22:19:00
            [end] => 2024-04-26T23:19:00
            [title] => Booked
        )

    [2] => Array
        (
            [start] => 2024-04-27T13:09:00
            [end] => 2024-04-27T16:11:00
            [title] => Booked
        )

    [3] => Array
        (
            [start] => 2024-04-27T12:57:00
            [end] => 2024-04-27T18:58:00
            [title] => Booked
        )

)
Array
(
    [0] => Array
        (
            [start] => 2024-04-27T13:09:00
            [end] => 2024-04-27T16:11:00
            [title] => Booked
        )

    [1] => Array
        (
            [start] => 2024-04-27T12:57:00
            [end] => 2024-04-27T18:58:00
            [title] => Booked
        )

)
Array
(
    [0] => Array
        (
            [start] => 2024-04-27T13:09:00
            [end] => 2024-04-27T16:11:00
            [title] => Booked
        )

    [1] => Array
        (
            [start] => 2024-04-27T12:57:00
            [end] => 2024-04-27T18:58:00
            [title] => Booked
        )

)
Array
(
    [0] => Array
        (
            [start] => 2024-04-27T13:09:00
            [end] => 2024-04-27T16:11:00
            [title] => Booked
        )

    [1] => Array
        (
            [start] => 2024-04-27T12:57:00
            [end] => 2024-04-27T18:58:00
            [title] => Booked
        )

)
Array
(
)
Array
(
    [0] => Array
        (
            [date_start] => 5/5/2024
            [date_end] => 5/5/2024
        )

)
Array
(
    [0] => Array
        (
            [start] => 2024-05-05T09:38:00
            [end] => 2024-05-05T14:40:00
            [title] => Booked
        )

)
