Array
(
    [booking_id] => 5662cb98047ff6
    [user_id] => 5
    [user_phone] => 2039832904
    [email] => abiola@yakubu.com
    [fullname] => Abiola Sunday
    [form_action] => update_new_booking
    [customer_email] => sind njsn
    [customer_fullname] => wnsjdjbs
    [customer_phone] => wnsjddb
    [customer_address] => dubsu
    [customer_contact_person_fullname] => sadus
    [customer_contact_person_phone] => andub
    [type_of_event] => Birthday Party
    [number_of_guest] => 1203
    [from] => 2024-05-09
    [time_start] => 09:38
    [time_end] => 14:40
    [price] => Array
        (
            [0] => 450,000,000
            [1] => 3090990
        )

    [item_id] => Array
        (
            [0] => 4
            [1] => 2
        )

    [quantity] => Array
        (
            [0] => 2
            [1] => 1
        )

    [discount] => 2000
    [amount_paid] => 200000000
    [consent_check] => Array
        (
            [0] => on
        )

)
Array
(
    [booking_id] => 5662cb98047ff6
    [user_id] => 5
    [user_phone] => 2039832904
    [email] => abiola@yakubu.com
    [fullname] => Abiola Sunday
    [form_action] => update_new_booking
    [customer_email] => sind njsn
    [customer_fullname] => wnsjdjbs
    [customer_phone] => wnsjddb
    [customer_address] => dubsu
    [customer_contact_person_fullname] => sadus
    [customer_contact_person_phone] => andub
    [type_of_event] => Birthday Party
    [number_of_guest] => 1203
    [from] => 2024-05-09
    [time_start] => 09:38
    [time_end] => 14:40
    [price] => Array
        (
            [0] => 450,000,000
            [1] => 3090990
        )

    [item_id] => Array
        (
            [0] => 4
            [1] => 2
        )

    [quantity] => Array
        (
            [0] => 2
            [1] => 1
        )

    [discount] => 2000
    [amount_paid] => 200000000
    [consent_check] => Array
        (
            [0] => on
        )

)
UPDATE bookings set user_id=:user_id, event_type=:event_type, number_of_guest=:number_of_guest, date_start=:date_start, time_start=:time_start, time_end=:time_end, tax=:tax, message=:message, discount=:discount, date_of_application=:date_of_application,customer_email=:customer_email, customer_fullname=:customer_fullname, customer_phone=:customer_phone, customer_address=:customer_address, customer_contact_person_fullname=:customer_contact_person_fullname, customer_contact_person_phone=:customer_contact_person_phone,admin_id=:admin_id WHERE booking_id=:booking_id